<?xml version="1.0" encoding="UTF-8"?>
<testsuite name="com.sura.policycenter.Contacto" time="21.43" tests="9" errors="1" skipped="1" failures="2">
  <properties>
[...]
</properties>
  <testcase name="BeforeStories" classname="java.lang.Object" time="0.002"/>
  <testcase name="Given el usuario ingresa a la pagina de autenticacion de PolicyCenter" classname="com.sura.policycenter.selenium.definitions.PolicyDefinitions" time="3.459"/>
  <testcase name="When el usuario ingresa username &lt;usr&gt; y password &lt;pass&gt;" classname="com.sura.policycenter.selenium.definitions.PolicyDefinitions" time="0.972"/>
  <testcase name="Then el usuario deberia ver la pagina de inicio correspondiente a su rol &lt;message&gt;" classname="com.sura.policycenter.selenium.definitions.PolicyDefinitions" time="0.605"/>
  <testcase name="Then el usuario deberia poder acceder a nuevo contacto persona" classname="com.sura.policycenter.selenium.definitions.PolicyDefinitions" time="4.993">
    <error message="Timed out after 2 seconds. Element not found&#10;For documentation on this error, please visit: http://seleniumhq.org/exceptions/no_such_element.html&#10;Build info: version: &apos;2.50.1&apos;, revision: &apos;d7fc91b29de65b790abb01f3ac5f7ea2191c88a7&apos;, time: &apos;2016-01-29 11:11:26&apos;&#10;System info: host: &apos;PQVIPF0DCV2P&apos;, ip: &apos;10.214.18.161&apos;, os.name: &apos;Windows 7&apos;, os.arch: &apos;amd64&apos;, os.version: &apos;6.1&apos;, java.version: &apos;1.7.0_79&apos;&#10;Driver info: driver.version: unknown" type="net.serenitybdd.core.exceptions.SerenityManagedException"><![CDATA[net.serenitybdd.core.exceptions.SerenityManagedException: Timed out after 2 seconds. Element not found
For documentation on this error, please visit: http://seleniumhq.org/exceptions/no_such_element.html
Build info: version: '2.50.1', revision: 'd7fc91b29de65b790abb01f3ac5f7ea2191c88a7', time: '2016-01-29 11:11:26'
System info: host: 'PQVIPF0DCV2P', ip: '10.214.18.161', os.name: 'Windows 7', os.arch: 'amd64', os.version: '6.1', java.version: '1.7.0_79'
Driver info: driver.version: unknown
	at net.thucydides.core.annotations.locators.SmartAjaxElementLocator.ajaxFindElement(SmartAjaxElementLocator.java:145)
	at net.thucydides.core.annotations.locators.SmartAjaxElementLocator.findElement(SmartAjaxElementLocator.java:93)
	at net.serenitybdd.core.pages.WebElementFacadeImpl.getElement(WebElementFacadeImpl.java:144)
	at net.serenitybdd.core.pages.WebElementFacadeImpl.getCoordinates(WebElementFacadeImpl.java:1089)
	at sun.reflect.NativeMethodAccessorImpl.invoke0(Native Method)
	at sun.reflect.NativeMethodAccessorImpl.invoke(NativeMethodAccessorImpl.java:57)
	at sun.reflect.DelegatingMethodAccessorImpl.invoke(DelegatingMethodAccessorImpl.java:43)
	at java.lang.reflect.Method.invoke(Method.java:606)
	at net.thucydides.core.annotations.locators.AbstractSingleItemHandler.invoke(AbstractSingleItemHandler.java:45)
	at com.sun.proxy.$Proxy21.getCoordinates(Unknown Source)
	at org.openqa.selenium.interactions.internal.MouseAction.getActionLocation(MouseAction.java:51)
	at org.openqa.selenium.interactions.MoveMouseAction.perform(MoveMouseAction.java:39)
	at org.openqa.selenium.interactions.CompositeAction.perform(CompositeAction.java:50)
	at com.sura.policycenter.selenium.pages.Escritorio.nuevoContactoPersona(Escritorio.java:56)
	at com.sura.policycenter.selenium.steps.PolicySteps.nuevoContactoPersona(PolicySteps.java:40)
	at com.sura.policycenter.selenium.steps.PolicySteps$$EnhancerByCGLIB$$92c0ff4f.CGLIB$nuevoContactoPersona$1(<generated>)
	at com.sura.policycenter.selenium.steps.PolicySteps$$EnhancerByCGLIB$$92c0ff4f$$FastClassByCGLIB$$fc735b49.invoke(<generated>)
	at net.sf.cglib.proxy.MethodProxy.invokeSuper(MethodProxy.java:228)
	at net.thucydides.core.steps.StepInterceptor.invokeMethod(StepInterceptor.java:348)
	at net.thucydides.core.steps.StepInterceptor.executeTestStepMethod(StepInterceptor.java:333)
	at net.thucydides.core.steps.StepInterceptor.runTestStep(StepInterceptor.java:308)
	at net.thucydides.core.steps.StepInterceptor.testStepResult(StepInterceptor.java:130)
	at net.thucydides.core.steps.StepInterceptor.intercept(StepInterceptor.java:57)
	at com.sura.policycenter.selenium.steps.PolicySteps$$EnhancerByCGLIB$$92c0ff4f.nuevoContactoPersona(<generated>)
	at com.sura.policycenter.selenium.definitions.PolicyDefinitions.nuevoContactoPersona(PolicyDefinitions.java:36)
]]></error>
    <system-out><![CDATA[Then el usuario deberia poder acceder a nuevo contacto persona (FAILED)
(net.serenitybdd.core.exceptions.SerenityManagedException: Timed out after 2 seconds. Element not found
For documentation on this error, please visit: http://seleniumhq.org/exceptions/no_such_element.html
Build info: version: '2.50.1', revision: 'd7fc91b29de65b790abb01f3ac5f7ea2191c88a7', time: '2016-01-29 11:11:26'
System info: host: 'PQVIPF0DCV2P', ip: '10.214.18.161', os.name: 'Windows 7', os.arch: 'amd64', os.version: '6.1', java.version: '1.7.0_79'
Driver info: driver.version: unknown)
]]></system-out>
  </testcase>
  <testcase name="Then el usuario deberia cerrar sesion" classname="com.sura.policycenter.selenium.definitions.PolicyDefinitions" time="0">
    <skipped/>
    <system-out><![CDATA[Then el usuario deberia cerrar sesion (NOT PERFORMED)
]]></system-out>
  </testcase>
  <testcase name="Scenario: autenticacion en policycenter" classname="Scenario: autenticacion en policycenter" time="5.141">
    <failure message="scenario failed!" type="java.lang.AssertionError">java.lang.AssertionError: scenario failed!
	at de.codecentric.jbehave.junit.monitoring.JUnitScenarioReporter.afterScenario(JUnitScenarioReporter.java:218)
	at org.jbehave.core.reporters.DelegatingStoryReporter.afterScenario(DelegatingStoryReporter.java:43)
	at org.jbehave.core.reporters.ConcurrentStoryReporter.afterScenario(ConcurrentStoryReporter.java:175)
	at org.jbehave.core.embedder.StoryRunner.runCancellable(StoryRunner.java:347)
	at org.jbehave.core.embedder.StoryRunner.run(StoryRunner.java:239)
	at org.jbehave.core.embedder.StoryRunner.run(StoryRunner.java:182)
	at org.jbehave.core.embedder.StoryManager$EnqueuedStory.call(StoryManager.java:266)
	at org.jbehave.core.embedder.StoryManager$EnqueuedStory.call(StoryManager.java:233)
	at java.util.concurrent.FutureTask.run(FutureTask.java:262)
	at java.util.concurrent.ThreadPoolExecutor.runWorker(ThreadPoolExecutor.java:1145)
	at java.util.concurrent.ThreadPoolExecutor$Worker.run(ThreadPoolExecutor.java:615)
	at java.lang.Thread.run(Thread.java:745)
</failure>
    <system-out><![CDATA[

net.serenitybdd.core.exceptions.SerenityManagedException: Timed out after 2 seconds. Element not found
For documentation on this error, please visit: http://seleniumhq.org/exceptions/no_such_element.html
Build info: version: '2.50.1', revision: 'd7fc91b29de65b790abb01f3ac5f7ea2191c88a7', time: '2016-01-29 11:11:26'
System info: host: 'PQVIPF0DCV2P', ip: '10.214.18.161', os.name: 'Windows 7', os.arch: 'amd64', os.version: '6.1', java.version: '1.7.0_79'
Driver info: driver.version: unknown
	at net.serenitybdd.core.exceptions.SerenityManagedException.detachedCopyOf(SerenityManagedException.java:20)
	at net.thucydides.core.steps.StepInterceptor.runTestStep(StepInterceptor.java:317)
	at net.thucydides.core.steps.StepInterceptor.testStepResult(StepInterceptor.java:130)
	at net.thucydides.core.steps.StepInterceptor.intercept(StepInterceptor.java:57)
	at com.sura.policycenter.selenium.steps.PolicySteps$$EnhancerByCGLIB$$92c0ff4f.nuevoContactoPersona(<generated>)
	at com.sura.policycenter.selenium.definitions.PolicyDefinitions.nuevoContactoPersona(PolicyDefinitions.java:36)
	(reflection-invoke)
	at org.jbehave.core.steps.StepCreator$ParametrisedStep.perform(StepCreator.java:595)
	at org.jbehave.core.embedder.StoryRunner$FineSoFar.run(StoryRunner.java:566)
...
]]></system-out>
    <system-err><![CDATA[[pool-3-thread-1] ERROR net.serenitybdd.core.Serenity - &amp#27;[91m
           __  _____ _____ ____ _____   _____ _    ___ _     _____ ____  
  _       / / |_   _| ____/ ___|_   _| |  ___/ \  |_ _| |   | ____|  _ \ 
 (_)_____| |    | | |  _| \___ \ | |   | |_ / _ \  | || |   |  _| | | | |
  _|_____| |    | | | |___ ___) || |   |  _/ ___ \ | || |___| |___| |_| |
 (_)     | |    |_| |_____|____/ |_|   |_|/_/   \_\___|_____|_____|____/ 
          \_\                                                            

TEST FAILED WITH ERROR: autenticacion en policycenter
---------------------------------------------------------------------&amp#27;[0m
[pool-3-thread-1] ERROR net.serenitybdd.core.Serenity - &amp#27;[91mTEST FAILED AT STEP Nuevo contacto persona&amp#27;[0m
[pool-3-thread-1] ERROR net.serenitybdd.core.Serenity - Timed out after 2 seconds. Element not found
]]></system-err>
  </testcase>
  <testcase name="contacto.story" classname="contacto.story" time="6.125">
    <failure message="story failed!" type="java.lang.AssertionError">java.lang.AssertionError: story failed!
	at de.codecentric.jbehave.junit.monitoring.JUnitScenarioReporter.afterStory(JUnitScenarioReporter.java:143)
	at org.jbehave.core.reporters.DelegatingStoryReporter.afterStory(DelegatingStoryReporter.java:49)
	at org.jbehave.core.reporters.ConcurrentStoryReporter.afterStory(ConcurrentStoryReporter.java:121)
	at org.jbehave.core.embedder.StoryRunner.runCancellable(StoryRunner.java:355)
	at org.jbehave.core.embedder.StoryRunner.run(StoryRunner.java:239)
	at org.jbehave.core.embedder.StoryRunner.run(StoryRunner.java:182)
	at org.jbehave.core.embedder.StoryManager$EnqueuedStory.call(StoryManager.java:266)
	at org.jbehave.core.embedder.StoryManager$EnqueuedStory.call(StoryManager.java:233)
	at java.util.concurrent.FutureTask.run(FutureTask.java:262)
	at java.util.concurrent.ThreadPoolExecutor.runWorker(ThreadPoolExecutor.java:1145)
	at java.util.concurrent.ThreadPoolExecutor$Worker.run(ThreadPoolExecutor.java:615)
	at java.lang.Thread.run(Thread.java:745)
</failure>
    <system-out><![CDATA[
]]></system-out>
  </testcase>
  <testcase name="AfterStories" classname="java.lang.Object" time="0.133"/>
</testsuite>