<?xml version="1.0" encoding="UTF-8"?><testsuite errors="1" failures="0" name="Correo electronico gmail" skipped="0" tests="1" time="15.37" timestamp="2017-11-313 02:37:54"><testcase name="ingreso a correo electronico de gmail"><error message="no such window: target window already closed&#10;from unknown error: web view not found&#10;  (Session info: chrome=60.0.3112.78)&#10;  (Driver info: chromedriver=2.29.461591 (62ebf098771772160f391d75e589dc567915b233),platform=Windows NT 6.1.7601 SP1 x86_64) (WARNING: The server did not provide any stacktrace information)&#10;Command duration or timeout: 0 milliseconds&#10;Build info: version: '3.7.0', revision: '2321c73', time: '2017-11-02T22:22:35.584Z'&#10;System info: host: 'PQVSQ02732', ip: '10.254.67.102', os.name: 'Windows 7', os.arch: 'amd64', os.version: '6.1', java.version: '1.8.0_45'&#10;Driver info: org.openqa.selenium.chrome.ChromeDriver&#10;Capabilities {acceptSslCerts: true, applicationCacheEnabled: false, browserConnectionEnabled: false, browserName: chrome, chrome: {chromedriverVersion: 2.29.461591 (62ebf098771772..., userDataDir: C:\Users\tanigral\AppData\L...}, cssSelectorsEnabled: true, databaseEnabled: false, handlesAlerts: true, hasTouchScreen: false, javascriptEnabled: true, locationContextEnabled: true, mobileEmulationEnabled: false, nativeEvents: true, networkConnectionEnabled: false, pageLoadStrategy: normal, platform: XP, platformName: XP, rotatable: false, takesHeapSnapshot: true, takesScreenshot: true, unexpectedAlertBehaviour: , unhandledPromptBehavior: , version: 60.0.3112.78, webStorageEnabled: true}&#10;Session ID: 06f6e6d5dd35c3a95cc188460a17f63a&#10;*** Element info: {Using=xpath, value=.//*[@id='identifierId']}" type="org.openqa.selenium.NoSuchWindowException">no such window: target window already closed
from unknown error: web view not found
  (Session info: chrome=60.0.3112.78)
  (Driver info: chromedriver=2.29.461591 (62ebf098771772160f391d75e589dc567915b233),platform=Windows NT 6.1.7601 SP1 x86_64) (WARNING: The server did not provide any stacktrace information)
Command duration or timeout: 0 milliseconds
Build info: version: '3.7.0', revision: '2321c73', time: '2017-11-02T22:22:35.584Z'
System info: host: 'PQVSQ02732', ip: '10.254.67.102', os.name: 'Windows 7', os.arch: 'amd64', os.version: '6.1', java.version: '1.8.0_45'
Driver info: org.openqa.selenium.chrome.ChromeDriver
Capabilities {acceptSslCerts: true, applicationCacheEnabled: false, browserConnectionEnabled: false, browserName: chrome, chrome: {chromedriverVersion: 2.29.461591 (62ebf098771772..., userDataDir: C:\Users\tanigral\AppData\L...}, cssSelectorsEnabled: true, databaseEnabled: false, handlesAlerts: true, hasTouchScreen: false, javascriptEnabled: true, locationContextEnabled: true, mobileEmulationEnabled: false, nativeEvents: true, networkConnectionEnabled: false, pageLoadStrategy: normal, platform: XP, platformName: XP, rotatable: false, takesHeapSnapshot: true, takesScreenshot: true, unexpectedAlertBehaviour: , unhandledPromptBehavior: , version: 60.0.3112.78, webStorageEnabled: true}
Session ID: 06f6e6d5dd35c3a95cc188460a17f63a
*** Element info: {Using=xpath, value=.//*[@id='identifierId']}</error><system-err>no such window: target window already closed
from unknown error: web view not found
  (Session info: chrome=60.0.3112.78)
  (Driver info: chromedriver=2.29.461591 (62ebf098771772160f391d75e589dc567915b233),platform=Windows NT 6.1.7601 SP1 x86_64) (WARNING: The server did not provide any stacktrace information)
Command duration or timeout: 0 milliseconds
Build info: version: '3.7.0', revision: '2321c73', time: '2017-11-02T22:22:35.584Z'
System info: host: 'PQVSQ02732', ip: '10.254.67.102', os.name: 'Windows 7', os.arch: 'amd64', os.version: '6.1', java.version: '1.8.0_45'
Driver info: org.openqa.selenium.chrome.ChromeDriver
Capabilities {acceptSslCerts: true, applicationCacheEnabled: false, browserConnectionEnabled: false, browserName: chrome, chrome: {chromedriverVersion: 2.29.461591 (62ebf098771772..., userDataDir: C:\Users\tanigral\AppData\L...}, cssSelectorsEnabled: true, databaseEnabled: false, handlesAlerts: true, hasTouchScreen: false, javascriptEnabled: true, locationContextEnabled: true, mobileEmulationEnabled: false, nativeEvents: true, networkConnectionEnabled: false, pageLoadStrategy: normal, platform: XP, platformName: XP, rotatable: false, takesHeapSnapshot: true, takesScreenshot: true, unexpectedAlertBehaviour: , unhandledPromptBehavior: , version: 60.0.3112.78, webStorageEnabled: true}
Session ID: 06f6e6d5dd35c3a95cc188460a17f63a
*** Element info: {Using=xpath, value=.//*[@id='identifierId']}&#13;
com.test.correoelectronico.page.CorreoElectronicoGmailPage.ingresarACorreoElectronico(CorreoElectronicoGmailPage.java:30)&#13;
com.test.correoelectronico.steps.CorreoElectronicoGmailSteps.ingresarACorreoElectronico(CorreoElectronicoGmailSteps.java:21)&#13;
com.test.correoelectronico.definitions.CorreoElectronicoGmailDefinitions.ingresarACorreoElectronico(CorreoElectronicoGmailDefinitions.java:16)&#13;
</system-err></testcase></testsuite>